2024-01-27 22:33:12,443 [INFO] Activator:176 - 


2024-01-27 22:33:12,445 [INFO] Activator:177 - !SESSION log4j initialized
2024-01-27 22:33:14,969 [INFO] LogOutputStream:77 - [STDOUT_REDIRECT] 
2024-01-27 22:33:23,612 [INFO] ApplicationProperties:184 - Using Application install path: C:\ST\STM32CubeIDE\STM32CubeIDE\plugins\com.st.stm32cube.common.mx_6.10.0.202311202037
2024-01-27 22:33:23,648 [INFO] DbMcusXml:78 - Set database path to: C:\ST\STM32CubeIDE\STM32CubeIDE\plugins\com.st.stm32cube.common.mx_6.10.0.202311202037\\db\/mcu/
2024-01-27 22:33:23,648 [INFO] ApiDb:274 - Set plugin database path to: C:\ST\STM32CubeIDE\STM32CubeIDE\plugins\com.st.stm32cube.common.mx_6.10.0.202311202037\\db\/plugins/boardmanager/
2024-01-27 22:33:23,649 [WARN] ApiDb:259 - Overriding images path with different value:  => C:\ST\STM32CubeIDE\STM32CubeIDE\plugins\com.st.stm32cube.common.mx_6.10.0.202311202037\\db\/plugins/mcufinder/images/
2024-01-27 22:33:23,674 [INFO] ApiDb:250 - Set database path to: C:\Users\vcher\.stmcufinder\plugins\mcufinder//mcu/
2024-01-27 22:33:23,677 [INFO] DbMcusAds:125 - Set database path to: C:\Users\vcher\.stmcufinder\plugins\mcufinder//mcu/
2024-01-27 22:33:23,683 [INFO] CrossReferenceDbSqlite:203 - Set database path to: C:\Users\vcher\.stmcufinder\plugins\mcufinder//mcu/cs/
2024-01-27 22:33:23,873 [INFO] RulesReader:64 - Compatibility file has been processed (297 Rules)
2024-01-27 22:33:23,964 [INFO] DbMcusXml:78 - Set database path to: C:\ST\STM32CubeIDE\STM32CubeIDE\plugins\com.st.stm32cube.common.mx_6.10.0.202311202037\\db\/mcu/
2024-01-27 22:33:23,964 [INFO] ApiDb:274 - Set plugin database path to: C:\ST\STM32CubeIDE\STM32CubeIDE\plugins\com.st.stm32cube.common.mx_6.10.0.202311202037\\db\/plugins/boardmanager/
2024-01-27 22:33:23,964 [INFO] ApiDb:261 - Set plugin images path to: C:\ST\STM32CubeIDE\STM32CubeIDE\plugins\com.st.stm32cube.common.mx_6.10.0.202311202037\\db\/plugins/mcufinder/images/
2024-01-27 22:33:23,964 [WARN] DbFile:41 - Overriding database path with different value: C:\Users\vcher\.stmcufinder\plugins\mcufinder/ => C:\Users\vcher\.stmcufinder\plugins\mcufinder
2024-01-27 22:33:23,965 [INFO] ApiDb:250 - Set database path to: C:\Users\vcher\.stmcufinder\plugins\mcufinder//mcu/
2024-01-27 22:33:23,965 [WARN] DbFile:41 - Overriding database path with different value: C:\Users\vcher\.stmcufinder\plugins\mcufinder/ => C:\Users\vcher\.stmcufinder\plugins\mcufinder
2024-01-27 22:33:23,965 [INFO] DbMcusAds:125 - Set database path to: C:\Users\vcher\.stmcufinder\plugins\mcufinder//mcu/
2024-01-27 22:33:23,965 [WARN] DbFile:41 - Overriding database path with different value: C:\Users\vcher\.stmcufinder\plugins\mcufinder/ => C:\Users\vcher\.stmcufinder\plugins\mcufinder
2024-01-27 22:33:23,965 [WARN] DbFile:41 - Overriding database path with different value: C:\Users\vcher\.stmcufinder\plugins\mcufinder/ => C:\Users\vcher\.stmcufinder\plugins\mcufinder
2024-01-27 22:33:23,965 [INFO] CrossReferenceDbSqlite:203 - Set database path to: C:\Users\vcher\.stmcufinder\plugins\mcufinder//mcu/cs/
2024-01-27 22:33:24,058 [INFO] MainPanel:264 - HeapMemory: 268435456
2024-01-27 22:33:24,144 [INFO] DbMcusXml:78 - Set database path to: C:\ST\STM32CubeIDE\STM32CubeIDE\plugins\com.st.stm32cube.common.mx_6.10.0.202311202037\\db\/mcu/
2024-01-27 22:33:24,144 [INFO] ApiDb:274 - Set plugin database path to: C:\ST\STM32CubeIDE\STM32CubeIDE\plugins\com.st.stm32cube.common.mx_6.10.0.202311202037\\db\/plugins/boardmanager/
2024-01-27 22:33:24,144 [INFO] ApiDb:261 - Set plugin images path to: C:\ST\STM32CubeIDE\STM32CubeIDE\plugins\com.st.stm32cube.common.mx_6.10.0.202311202037\\db\/plugins/mcufinder/images/
2024-01-27 22:33:24,146 [WARN] DbFile:41 - Overriding database path with different value: C:\Users\vcher\.stmcufinder\plugins\mcufinder/ => C:\Users\vcher\.stmcufinder\plugins\mcufinder
2024-01-27 22:33:24,146 [INFO] ApiDb:250 - Set database path to: C:\Users\vcher\.stmcufinder\plugins\mcufinder//mcu/
2024-01-27 22:33:24,146 [WARN] DbFile:41 - Overriding database path with different value: C:\Users\vcher\.stmcufinder\plugins\mcufinder/ => C:\Users\vcher\.stmcufinder\plugins\mcufinder
2024-01-27 22:33:24,146 [INFO] DbMcusAds:125 - Set database path to: C:\Users\vcher\.stmcufinder\plugins\mcufinder//mcu/
2024-01-27 22:33:24,146 [WARN] DbFile:41 - Overriding database path with different value: C:\Users\vcher\.stmcufinder\plugins\mcufinder/ => C:\Users\vcher\.stmcufinder\plugins\mcufinder
2024-01-27 22:33:24,146 [WARN] DbFile:41 - Overriding database path with different value: C:\Users\vcher\.stmcufinder\plugins\mcufinder/ => C:\Users\vcher\.stmcufinder\plugins\mcufinder
2024-01-27 22:33:24,146 [INFO] CrossReferenceDbSqlite:203 - Set database path to: C:\Users\vcher\.stmcufinder\plugins\mcufinder//mcu/cs/
2024-01-27 22:33:24,167 [INFO] ApplicationProperties:184 - Using Application install path: C:\ST\STM32CubeIDE\STM32CubeIDE\plugins\com.st.stm32cube.common.mx_6.10.0.202311202037
2024-01-27 22:33:24,169 [INFO] PluginManage:196 - Search for loadable plugins [exclusion list=, ]
2024-01-27 22:33:24,170 [INFO] PluginManage:310 - Check plugin analytics
2024-01-27 22:33:25,146 [INFO] AnalyticsPlugin:253 - Accepted Software Licenses: STM32CubeMX.6.10.0
2024-01-27 22:33:25,146 [INFO] AnalyticsPlugin:255 - Accepted CMSIS Pack Licenses: 
2024-01-27 22:33:25,146 [INFO] AnalyticsPlugin:257 - Accepted Firmware Licenses: 
2024-01-27 22:33:25,149 [INFO] PluginManage:359 - Loaded plugin analytics (category:tool,tabindex:-1)
2024-01-27 22:33:25,150 [INFO] PluginManage:310 - Check plugin cadmodel
2024-01-27 22:33:25,162 [INFO] CADModel:105 - Init CAD model plugin
2024-01-27 22:33:25,163 [INFO] PluginManage:359 - Loaded plugin cadmodel (category:power,tabindex:5)
2024-01-27 22:33:25,163 [INFO] PluginManage:310 - Check plugin clock
2024-01-27 22:33:25,180 [INFO] PluginManage:359 - Loaded plugin clock (category:base,tabindex:2)
2024-01-27 22:33:25,180 [INFO] PluginManage:310 - Check plugin ddr
2024-01-27 22:33:25,182 [INFO] PluginManage:359 - Loaded plugin ddr (category:tool,tabindex:6)
2024-01-27 22:33:25,182 [INFO] PluginManage:310 - Check plugin filemanager
2024-01-27 22:33:25,351 [INFO] PluginManage:359 - Loaded plugin filemanager (category:base,tabindex:10)
2024-01-27 22:33:25,351 [INFO] PluginManage:310 - Check plugin ipmanager
2024-01-27 22:33:25,358 [INFO] PluginManage:359 - Loaded plugin ipmanager (category:base,tabindex:5)
2024-01-27 22:33:25,358 [INFO] PluginManage:310 - Check plugin lpbam
2024-01-27 22:33:25,381 [INFO] PluginManage:359 - Loaded plugin lpbam (category:base,tabindex:0)
2024-01-27 22:33:25,381 [INFO] PluginManage:310 - Check plugin memorymap
2024-01-27 22:33:25,431 [INFO] PluginManage:359 - Loaded plugin memorymap (category:base,tabindex:4)
2024-01-27 22:33:25,431 [INFO] PluginManage:310 - Check plugin pinoutandconfiguration
2024-01-27 22:33:25,447 [INFO] PluginManage:359 - Loaded plugin pinoutandconfiguration (category:base,tabindex:1)
2024-01-27 22:33:25,447 [INFO] PluginManage:310 - Check plugin pinoutconfig
2024-01-27 22:33:25,539 [WARN] SupportedApi:132 - Cannot load RTOS API schema: s4s-elt-must-match.1: The content of 'definitions' must match (annotation?, (simpleType | complexType)?, (unique | key | keyref)*)). A problem was found starting at: attribute.
2024-01-27 22:33:25,705 [INFO] PluginManage:359 - Loaded plugin pinoutconfig (category:base,tabindex:0)
2024-01-27 22:33:25,705 [INFO] PluginManage:310 - Check plugin power
2024-01-27 22:33:25,723 [INFO] PluginManage:359 - Loaded plugin power (category:power,tabindex:4)
2024-01-27 22:33:25,723 [INFO] PluginManage:310 - Check plugin projectmanager
2024-01-27 22:33:25,748 [INFO] PluginManage:359 - Loaded plugin projectmanager (category:projectmanager,tabindex:3)
2024-01-27 22:33:25,748 [INFO] PluginManage:310 - Check plugin thirdparty
2024-01-27 22:33:26,132 [INFO] PluginManage:359 - Loaded plugin thirdparty (category:base,tabindex:-1)
2024-01-27 22:33:26,132 [WARN] IntegrityCheckThread:84 - waiting for thirdparty lock release [integrity check]
2024-01-27 22:33:26,132 [INFO] PluginManage:310 - Check plugin tools
2024-01-27 22:33:26,132 [INFO] IntegrityCheckThread:86 - entering critical section [integrity check]
2024-01-27 22:33:26,133 [INFO] ThirdPartyUpdaterWithRetryManager:70 - Updater plugin not ready yet. [1/15]
2024-01-27 22:33:26,163 [INFO] PluginManage:359 - Loaded plugin tools (category:base,tabindex:7)
2024-01-27 22:33:26,163 [INFO] PluginManage:310 - Check plugin tutovideos
2024-01-27 22:33:26,338 [INFO] PluginManage:359 - Loaded plugin tutovideos (category:base,tabindex:-1)
2024-01-27 22:33:26,338 [INFO] PluginManage:310 - Check plugin updater
2024-01-27 22:33:26,358 [INFO] PluginManage:359 - Loaded plugin updater (category:base,tabindex:12)
2024-01-27 22:33:26,358 [INFO] PluginManage:310 - Check plugin userauth
2024-01-27 22:33:26,363 [INFO] UserAuth:114 - Init User Auth plugin
2024-01-27 22:33:26,363 [INFO] PluginManage:359 - Loaded plugin userauth (category:base,tabindex:14)
2024-01-27 22:33:26,363 [INFO] PluginManage:283 - PluginManage : Loaded plugins [17]
2024-01-27 22:33:26,611 [INFO] PinOutPanel:1499 - setPackage(No Configuration,No Configuration)
2024-01-27 22:33:26,689 [INFO] CADModel:165 - CPN selected for project level
2024-01-27 22:33:26,690 [INFO] CADModel:114 - Register for checkConnection events
2024-01-27 22:33:26,715 [INFO] IPUIPlugin:80 - create IPUIPlugin
2024-01-27 22:33:26,715 [INFO] PluginManager:220 - loadIPPluginJar : add adc
2024-01-27 22:33:26,745 [INFO] IPUIPlugin:80 - create IPUIPlugin
2024-01-27 22:33:26,746 [INFO] PluginManager:220 - loadIPPluginJar : add aes
2024-01-27 22:33:26,782 [INFO] IPUIPlugin:80 - create IPUIPlugin
2024-01-27 22:33:26,783 [INFO] PluginManager:220 - loadIPPluginJar : add can
2024-01-27 22:33:26,807 [INFO] IPUIPlugin:80 - create IPUIPlugin
2024-01-27 22:33:26,807 [INFO] PluginManager:220 - loadIPPluginJar : add comp
2024-01-27 22:33:26,838 [INFO] IPUIPlugin:80 - create IPUIPlugin
2024-01-27 22:33:26,838 [INFO] PluginManager:220 - loadIPPluginJar : add cryp
2024-01-27 22:33:26,865 [INFO] IPUIPlugin:80 - create IPUIPlugin
2024-01-27 22:33:26,865 [INFO] PluginManager:220 - loadIPPluginJar : add dfsdm
2024-01-27 22:33:26,884 [INFO] IPUIPlugin:80 - create IPUIPlugin
2024-01-27 22:33:26,884 [INFO] PluginManager:220 - loadIPPluginJar : add dma
2024-01-27 22:33:26,923 [INFO] IPUIPlugin:80 - create IPUIPlugin
2024-01-27 22:33:26,924 [INFO] PluginManager:220 - loadIPPluginJar : add dma3
2024-01-27 22:33:26,949 [INFO] IPUIPlugin:80 - create IPUIPlugin
2024-01-27 22:33:26,949 [INFO] PluginManager:220 - loadIPPluginJar : add fatfs
2024-01-27 22:33:26,994 [INFO] IPUIPlugin:80 - create IPUIPlugin
2024-01-27 22:33:26,994 [INFO] PluginManager:220 - loadIPPluginJar : add fmc
2024-01-27 22:33:27,015 [INFO] IPUIPlugin:80 - create IPUIPlugin
2024-01-27 22:33:27,015 [INFO] PluginManager:220 - loadIPPluginJar : add freertos
2024-01-27 22:33:27,033 [INFO] IPUIPlugin:80 - create IPUIPlugin
2024-01-27 22:33:27,033 [INFO] PluginManager:220 - loadIPPluginJar : add genericplugin
2024-01-27 22:33:27,115 [INFO] IPUIPlugin:80 - create IPUIPlugin
2024-01-27 22:33:27,115 [INFO] PluginManager:220 - loadIPPluginJar : add gfxmmu
2024-01-27 22:33:27,234 [INFO] IPUIPlugin:80 - create IPUIPlugin
2024-01-27 22:33:27,235 [INFO] PluginManager:220 - loadIPPluginJar : add gic
2024-01-27 22:33:27,252 [INFO] IPUIPlugin:80 - create IPUIPlugin
2024-01-27 22:33:27,252 [INFO] PluginManager:220 - loadIPPluginJar : add gpio
2024-01-27 22:33:27,332 [INFO] IPUIPlugin:80 - create IPUIPlugin
2024-01-27 22:33:27,332 [INFO] PluginManager:220 - loadIPPluginJar : add gtzc
2024-01-27 22:33:27,365 [INFO] IPUIPlugin:80 - create IPUIPlugin
2024-01-27 22:33:27,365 [INFO] PluginManager:220 - loadIPPluginJar : add hash
2024-01-27 22:33:27,427 [INFO] IPUIPlugin:80 - create IPUIPlugin
2024-01-27 22:33:27,428 [INFO] PluginManager:220 - loadIPPluginJar : add i2c
2024-01-27 22:33:27,462 [INFO] IPUIPlugin:80 - create IPUIPlugin
2024-01-27 22:33:27,462 [INFO] PluginManager:220 - loadIPPluginJar : add i2s
2024-01-27 22:33:27,504 [INFO] IPUIPlugin:80 - create IPUIPlugin
2024-01-27 22:33:27,504 [INFO] PluginManager:220 - loadIPPluginJar : add i3c
2024-01-27 22:33:27,597 [INFO] IPUIPlugin:80 - create IPUIPlugin
2024-01-27 22:33:27,597 [INFO] PluginManager:220 - loadIPPluginJar : add ipddr
2024-01-27 22:33:27,680 [INFO] IPUIPlugin:80 - create IPUIPlugin
2024-01-27 22:33:27,680 [INFO] PluginManager:220 - loadIPPluginJar : add linkedlist
2024-01-27 22:33:27,716 [INFO] IPUIPlugin:80 - create IPUIPlugin
2024-01-27 22:33:27,716 [INFO] PluginManager:220 - loadIPPluginJar : add lorawan
2024-01-27 22:33:27,755 [INFO] IPUIPlugin:80 - create IPUIPlugin
2024-01-27 22:33:27,756 [INFO] PluginManager:220 - loadIPPluginJar : add ltdc
2024-01-27 22:33:27,779 [INFO] IPUIPlugin:80 - create IPUIPlugin
2024-01-27 22:33:27,779 [INFO] PluginManager:220 - loadIPPluginJar : add mdma
2024-01-27 22:33:27,792 [INFO] IPUIPlugin:80 - create IPUIPlugin
2024-01-27 22:33:27,793 [INFO] PluginManager:220 - loadIPPluginJar : add nvic
2024-01-27 22:33:27,826 [INFO] IPUIPlugin:80 - create IPUIPlugin
2024-01-27 22:33:27,826 [INFO] PluginManager:220 - loadIPPluginJar : add opamp
2024-01-27 22:33:27,886 [INFO] IPUIPlugin:80 - create IPUIPlugin
2024-01-27 22:33:27,887 [INFO] PluginManager:220 - loadIPPluginJar : add openamp
2024-01-27 22:33:27,938 [INFO] IPUIPlugin:80 - create IPUIPlugin
2024-01-27 22:33:27,938 [INFO] PluginManager:220 - loadIPPluginJar : add pdm2pcm
2024-01-27 22:33:27,952 [INFO] IPUIPlugin:80 - create IPUIPlugin
2024-01-27 22:33:27,954 [INFO] PluginManager:220 - loadIPPluginJar : add plateformsettings
2024-01-27 22:33:27,973 [INFO] IPUIPlugin:80 - create IPUIPlugin
2024-01-27 22:33:27,974 [INFO] PluginManager:220 - loadIPPluginJar : add quadspi
2024-01-27 22:33:27,985 [INFO] IPUIPlugin:80 - create IPUIPlugin
2024-01-27 22:33:27,986 [INFO] PluginManager:220 - loadIPPluginJar : add resmgrutility
2024-01-27 22:33:28,029 [INFO] IPUIPlugin:80 - create IPUIPlugin
2024-01-27 22:33:28,029 [INFO] PluginManager:220 - loadIPPluginJar : add sai
2024-01-27 22:33:28,084 [INFO] IPUIPlugin:80 - create IPUIPlugin
2024-01-27 22:33:28,084 [INFO] PluginManager:220 - loadIPPluginJar : add spi
2024-01-27 22:33:28,183 [INFO] IPUIPlugin:80 - create IPUIPlugin
2024-01-27 22:33:28,183 [INFO] PluginManager:220 - loadIPPluginJar : add stm32_wpan
2024-01-27 22:33:28,234 [INFO] IPUIPlugin:80 - create IPUIPlugin
2024-01-27 22:33:28,234 [INFO] PluginManager:220 - loadIPPluginJar : add tim
2024-01-27 22:33:28,321 [INFO] IPUIPlugin:80 - create IPUIPlugin
2024-01-27 22:33:28,321 [INFO] PluginManager:220 - loadIPPluginJar : add touchsensing
2024-01-27 22:33:28,369 [INFO] IPUIPlugin:80 - create IPUIPlugin
2024-01-27 22:33:28,369 [INFO] PluginManager:220 - loadIPPluginJar : add tracer_emb
2024-01-27 22:33:28,415 [INFO] IPUIPlugin:80 - create IPUIPlugin
2024-01-27 22:33:28,415 [INFO] PluginManager:220 - loadIPPluginJar : add ts
2024-01-27 22:33:28,446 [INFO] IPUIPlugin:80 - create IPUIPlugin
2024-01-27 22:33:28,446 [INFO] PluginManager:220 - loadIPPluginJar : add tsc
2024-01-27 22:33:28,468 [INFO] IPUIPlugin:80 - create IPUIPlugin
2024-01-27 22:33:28,468 [INFO] PluginManager:220 - loadIPPluginJar : add ucpd
2024-01-27 22:33:28,507 [INFO] IPUIPlugin:80 - create IPUIPlugin
2024-01-27 22:33:28,507 [INFO] PluginManager:220 - loadIPPluginJar : add usart
2024-01-27 22:33:28,550 [INFO] IPUIPlugin:80 - create IPUIPlugin
2024-01-27 22:33:28,550 [INFO] PluginManager:220 - loadIPPluginJar : add usbx
2024-01-27 22:33:28,702 [INFO] CADModel:165 - CPN selected for project level
2024-01-27 22:33:28,702 [INFO] CADModel:114 - Register for checkConnection events
2024-01-27 22:33:28,703 [FATAL] Updater:308 - Updater called before beeing initialized
2024-01-27 22:33:28,703 [ERROR] CADModel:125 - Updater not yet initialized, retry later 
2024-01-27 22:33:28,962 [INFO] CADModel:165 - CPN selected for project level
2024-01-27 22:33:28,962 [INFO] CADModel:114 - Register for checkConnection events
2024-01-27 22:33:28,962 [FATAL] Updater:308 - Updater called before beeing initialized
2024-01-27 22:33:28,962 [ERROR] CADModel:125 - Updater not yet initialized, retry later 
2024-01-27 22:33:28,965 [FATAL] Updater:308 - Updater called before beeing initialized
2024-01-27 22:33:29,075 [FATAL] Updater:308 - Updater called before beeing initialized
2024-01-27 22:33:29,079 [INFO] DbMcusAds:53 - JSON generation date=Wed Nov 29 13:52:27 MSK 2023 (1701255147200)
2024-01-27 22:33:29,079 [FATAL] Updater:308 - Updater called before beeing initialized
2024-01-27 22:33:29,136 [INFO] ThirdPartyUpdaterWithRetryManager:70 - Updater plugin not ready yet. [2/15]
2024-01-27 22:33:29,147 [WARN] DetailPanel:346 - Failed to get advertising image, set to default
2024-01-27 22:33:29,221 [FATAL] Updater:308 - Updater called before beeing initialized
2024-01-27 22:33:29,223 [FATAL] Updater:308 - Updater called before beeing initialized
2024-01-27 22:33:29,223 [FATAL] Updater:308 - Updater called before beeing initialized
2024-01-27 22:33:29,223 [WARN] DetailPanel:346 - Failed to get advertising image, set to default
2024-01-27 22:33:29,224 [FATAL] Updater:308 - Updater called before beeing initialized
2024-01-27 22:33:29,326 [ERROR] Updater:1120 - MainUpdater not yet initialized. External WinMGr cannot be set.
2024-01-27 22:33:29,335 [INFO] Updater:1056 - Updater Version found : 6.10.0
2024-01-27 22:33:29,352 [INFO] ApplicationProperties:184 - Using Application install path: C:\ST\STM32CubeIDE\STM32CubeIDE\plugins\com.st.stm32cube.common.mx_6.10.0.202311202037
2024-01-27 22:33:32,138 [FATAL] Updater:308 - Updater called before beeing initialized
2024-01-27 22:33:32,139 [ERROR] IntegrityCheckThread:130 - Cannot retrieve database content from updater: error 21
2024-01-27 22:33:32,140 [INFO] ThirdParty:978 - Integrity check success = false
2024-01-27 22:33:32,140 [INFO] IntegrityCheckThread:100 - exiting critical section [integrity check]
2024-01-27 22:33:32,140 [INFO] IntegrityCheckThread:103 - End integrity checks thread
2024-01-27 22:33:32,717 [INFO] MainUpdater:2873 - connection check result : 10
2024-01-27 22:33:32,718 [INFO] MainUpdater:290 - Updater Check For Update Now.
2024-01-27 22:33:32,718 [INFO] MicroXplorer:498 - Change Database Version : DB.6.0.100
2024-01-27 22:33:32,809 [INFO] McuFinderGlobals:63 - Set McuFinder mode to 2 (CubeIDE integrated)
2024-01-27 22:33:33,050 [INFO] CheckServerUpdateThread:120 - End of CheckServer Thread
2024-01-27 22:33:37,027 [INFO] UserAuth:404 - Internet connection configuration mode: 1
2024-01-27 22:33:37,080 [INFO] JxBrowserEngine:152 - Initiate JxBrowser Engine with user profile folder
2024-01-27 22:33:39,889 [INFO] WebApp:161 - Instantiating new browser for Auth
2024-01-27 22:33:40,568 [INFO] WebApp:780 - Register for checkConnection events
2024-01-27 22:33:40,568 [INFO] WebApp:414 - Apply proxy settings
2024-01-27 22:33:40,568 [INFO] WebApp:499 - Chromium requires no authentication
2024-01-27 22:33:40,578 [INFO] WebApp:442 - Direct internet connection detected
2024-01-27 22:33:40,722 [INFO] WebApp:192 - Starting web application
2024-01-27 22:33:40,722 [INFO] WebApp:544 - Web application path used C:\ST\STM32CubeIDE\STM32CubeIDE\plugins\com.st.stm32cube.common.mx_6.10.0.202311202037\db\plugins\mcufinder\reactClient1\index.html
2024-01-27 22:34:02,056 [ERROR] LogOutputStream:75 - [STDERR_REDIRECT] SLF4J: Failed to load class "org.slf4j.impl.StaticLoggerBinder".
2024-01-27 22:34:02,058 [ERROR] LogOutputStream:75 - [STDERR_REDIRECT] SLF4J: Defaulting to no-operation (NOP) logger implementation
2024-01-27 22:34:02,063 [ERROR] LogOutputStream:75 - [STDERR_REDIRECT] SLF4J: See http://www.slf4j.org/codes.html#StaticLoggerBinder for further details.
2024-01-27 22:39:32,545 [ERROR] ConfigurationRetriever:142 - IOException on connection: Read timed out
2024-01-27 22:41:40,622 [ERROR] ConfigurationRetriever:142 - IOException on connection: Connect timed out
2024-01-27 22:41:42,623 [ERROR] ConfigurationRetriever:142 - IOException on connection: Connect timed out
2024-01-27 22:41:44,625 [ERROR] ConfigurationRetriever:142 - IOException on connection: Connect timed out
2024-01-27 22:41:45,913 [ERROR] LogOutputStream:75 - [STDERR_REDIRECT] 
